[01:31:31] [main/INFO]: Loaded 0 recipes
[01:31:31] [Server thread/INFO]: Starting minecraft server version 1.13.2
[01:31:31] [Server thread/WARN]: To start the server with more ram, launch it as "java -Xmx1024M -Xms1024M -jar minecraft_server.jar"
[01:31:31] [Server thread/INFO]: Loading properties
[01:31:31] [Server console handler/ERROR]: Exception handling console input
java.io.IOException: The handle is invalid
	at java.io.FileInputStream.readBytes(Native Method) ~[?:1.8.0_191]
	at java.io.FileInputStream.read(Unknown Source) ~[?:1.8.0_191]
	at java.io.BufferedInputStream.fill(Unknown Source) ~[?:1.8.0_191]
	at java.io.BufferedInputStream.read(Unknown Source) ~[?:1.8.0_191]
	at org.bukkit.craftbukkit.libs.jline.internal.NonBlockingInputStream.read(NonBlockingInputStream.java:248) ~[craftbukkit.jar:git-Bukkit-a5b9c7b]
	at org.bukkit.craftbukkit.libs.jline.internal.InputStreamReader.read(InputStreamReader.java:261) ~[craftbukkit.jar:git-Bukkit-a5b9c7b]
	at org.bukkit.craftbukkit.libs.jline.internal.InputStreamReader.read(InputStreamReader.java:198) ~[craftbukkit.jar:git-Bukkit-a5b9c7b]
	at org.bukkit.craftbukkit.libs.jline.console.ConsoleReader.readCharacter(ConsoleReader.java:2145) ~[craftbukkit.jar:git-Bukkit-a5b9c7b]
	at org.bukkit.craftbukkit.libs.jline.console.ConsoleReader.readLineSimple(ConsoleReader.java:3183) ~[craftbukkit.jar:git-Bukkit-a5b9c7b]
	at org.bukkit.craftbukkit.libs.jline.console.ConsoleReader.readLine(ConsoleReader.java:2333) ~[craftbukkit.jar:git-Bukkit-a5b9c7b]
	at org.bukkit.craftbukkit.libs.jline.console.ConsoleReader.readLine(ConsoleReader.java:2269) ~[craftbukkit.jar:git-Bukkit-a5b9c7b]
	at org.bukkit.craftbukkit.libs.jline.console.ConsoleReader.readLine(ConsoleReader.java:2257) ~[craftbukkit.jar:git-Bukkit-a5b9c7b]
	at net.minecraft.server.v1_13_R2.DedicatedServer$2.run(DedicatedServer.java:92) [craftbukkit.jar:git-Bukkit-a5b9c7b]
[01:31:32] [Server thread/INFO]: Default game type: SURVIVAL
[01:31:32] [Server thread/INFO]: Generating keypair
[01:31:32] [Server thread/INFO]: Starting Minecraft server on *:25565
[01:31:32] [Server thread/INFO]: Using default channel type
[01:31:32] [Server thread/INFO]: This server is running CraftBukkit version git-Bukkit-a5b9c7b (MC: 1.13.2) (Implementing API version 1.13.2-R0.1-SNAPSHOT)
[01:31:32] [Server thread/INFO]: Preparing level "world"
[01:31:33] [Server thread/INFO]: Found new data pack file/bukkit, loading it automatically
[01:31:33] [Server thread/INFO]: Found new data pack vanilla, loading it automatically
[01:31:33] [Server thread/INFO]: Reloading ResourceManager: Default, bukkit
[01:31:34] [Server thread/INFO]: Loaded 524 recipes
[01:31:41] [Server thread/INFO]: ---- Migration of old nether folder required ----
[01:31:41] [Server thread/INFO]: Unfortunately due to the way that Minecraft implemented multiworld support in 1.6, Bukkit requires that you move your nether folder to a new location in order to operate correctly.
[01:31:41] [Server thread/INFO]: We will move this folder for you, but it will mean that you need to move it back should you wish to stop using Bukkit in the future.
[01:31:41] [Server thread/INFO]: Attempting to move world\DIM-1 to world_nether\DIM-1...
[01:31:41] [Server thread/INFO]: Success! To restore nether in the future, simply move world_nether\DIM-1 to world\DIM-1
[01:31:41] [Server thread/WARN]: Unable to migrate world data.
[01:31:41] [Server thread/INFO]: ---- Migration of old nether folder complete ----
[01:31:41] [Server thread/INFO]: ---- Migration of old the_end folder required ----
[01:31:41] [Server thread/INFO]: Unfortunately due to the way that Minecraft implemented multiworld support in 1.6, Bukkit requires that you move your the_end folder to a new location in order to operate correctly.
[01:31:41] [Server thread/INFO]: We will move this folder for you, but it will mean that you need to move it back should you wish to stop using Bukkit in the future.
[01:31:41] [Server thread/INFO]: Attempting to move world\DIM1 to world_the_end\DIM1...
[01:31:41] [Server thread/INFO]: Success! To restore the_end in the future, simply move world_the_end\DIM1 to world\DIM1
[01:31:41] [Server thread/WARN]: Unable to migrate world data.
[01:31:41] [Server thread/INFO]: ---- Migration of old the_end folder complete ----
[01:31:41] [Server thread/INFO]: Preparing start region for level minecraft:the_nether (Seed: 3311732231157406748)
[01:31:45] [Server thread/INFO]: Preparing spawn area: 4%
[01:31:46] [Server thread/INFO]: Preparing spawn area: 8%
[01:31:46] [Server thread/INFO]: Preparing spawn area: 12%
[01:31:47] [Server thread/INFO]: Preparing spawn area: 16%
[01:31:48] [Server thread/INFO]: Preparing spawn area: 20%
[01:31:49] [Server thread/INFO]: Preparing spawn area: 24%
[01:31:49] [Server thread/INFO]: Preparing spawn area: 28%
[01:31:50] [Server thread/INFO]: Preparing spawn area: 32%
[01:31:51] [Server thread/INFO]: Preparing spawn area: 36%
[01:31:52] [Server thread/INFO]: Preparing spawn area: 40%
[01:31:52] [Server thread/INFO]: Preparing spawn area: 44%
[01:31:53] [Server thread/INFO]: Preparing spawn area: 48%
[01:31:54] [Server thread/INFO]: Preparing spawn area: 52%
[01:31:55] [Server thread/INFO]: Preparing spawn area: 56%
[01:31:55] [Server thread/INFO]: Preparing spawn area: 60%
[01:31:56] [Server thread/INFO]: Preparing spawn area: 64%
[01:31:57] [Server thread/INFO]: Preparing spawn area: 68%
[01:31:57] [Server thread/INFO]: Preparing spawn area: 72%
[01:32:00] [main/INFO]: Loaded 0 recipes
[01:32:00] [Server thread/INFO]: Starting minecraft server version 1.13.2
[01:32:00] [Server thread/INFO]: Loading properties
[01:32:00][01:32:01] [Server thread/INFO]: Preparing spawn area: 88%
[01:32:02] [Server thread/INFO]: Preparing spawn area: 92%
[01:32:02] [Server thread/INFO]: Preparing spawn area: 96%
[01:32:03] [Server thread/INFO]: Preparing spawn area: 100%
[01:32:03] [Server thread/INFO]: Preparing start region for level minecraft:the_end (Seed: 3311732231157406748)
[01:32:03] [Server thread/INFO]: Preparing spawn area: 4%
[01:32:03] [Server thread/INFO]: Preparing spawn area: 8%
[01:32:04] [Server thread/INFO]: Preparing spawn area: 12%
[01:32:04] [Server thread/INFO]: Preparing spawn area: 16%
[01:32:04] [Server thread/INFO]: Preparing spawn area: 20%
[01:32:04] [Server thread/INFO]: Preparing spawn area: 24%
[01:32:05] [Server thread/INFO]: Preparing spawn area: 28%
[01:32:05] [Server thread/INFO]: Preparing spawn area: 32%
[01:32:05] [Server thread/INFO]: Preparing spawn area: 36%
[01:32:05] [Server thread/INFO]: Preparing spawn area: 40%
[01:32:05] [Server thread/INFO]: Preparing spawn area: 44%
[01:32:06] [Server thread/INFO]: Preparing spawn area: 48%
[01:32:06] [Server thread/INFO]: Preparing spawn area: 52%
[01:32:06] [Server thread/INFO]: Preparing spawn area: 56%
[01:32:06] [Server thread/INFO]: Preparing spawn area: 60%
[01:32:06] [Server thread/INFO]: Preparing spawn area: 64%
[01:32:06] [Server thread/INFO]: Preparing spawn area: 68%
[01:32:06] [Server thread/INFO]: Preparing spawn area: 72%
[01:32:06] [Server thread/INFO]: Preparing spawn area: 76%
[01:32:07] [Server thread/INFO]: Preparing spawn area: 80%
[01:32:07] [Server thread/INFO]: Preparing spawn area: 84%
[01:32:07] [Server thread/INFO]: Preparing spawn area: 88%
[01:32:07] [Server thread/INFO]: Preparing spawn area: 92%
[01:32:07] [Server thread/INFO]: Preparing spawn area: 96%
[01:32:07] [Server thread/INFO]: Preparing spawn area: 100%
[01:32:07] [Server thread/INFO]: Preparing start region for level minecraft:overworld (Seed: 3311732231157406748)
[01:32:13] [Server thread/INFO]: Preparing spawn area: 4%
[01:32:14] [Server thread/INFO]: Preparing spawn area: 8%
[01:32:16] [Server thread/INFO]: Preparing spawn area: 12%
[01:32:17] [Server thread/INFO]: Preparing spawn area: 16%
[01:32:19] [Server thread/INFO]: Preparing spawn area: 20%
[01:32:22] [Server thread/INFO]: Preparing spawn area: 24%
[01:32:24] [Server thread/INFO]: Preparing spawn area: 28%
[01:32:28] [Server thread/INFO]: Preparing spawn area: 32%
[01:32:44] [Server thread/INFO]: Preparing spawn area: 36%
